<?xml version="1.0" encoding="UTF-8"?>
<testng-results ignored="0" total="1" passed="1" failed="0" skipped="0">
  <reporter-output>
  </reporter-output>
  <suite started-at="2023-11-21T22:39:00 IST" name="Default Suite" finished-at="2023-11-21T22:39:11 IST" duration-ms="11055">
    <groups>
    </groups>
    <test started-at="2023-11-21T22:39:00 IST" name="AutomationFramework" finished-at="2023-11-21T22:39:11 IST" duration-ms="11055">
      <class name="testcases.RegressionTestcase">
        <test-method is-config="true" signature="setup()[pri:0, instance:testcases.RegressionTestcase@3745e5c6]" started-at="2023-11-21T22:39:00 IST" name="setup" finished-at="2023-11-21T22:39:09 IST" duration-ms="8491" status="PASS">
          <reporter-output>
          </reporter-output>
        </test-method> <!-- setup -->
        <test-method signature="testSignInandSignOut()[pri:0, instance:testcases.RegressionTestcase@3745e5c6]" started-at="2023-11-21T22:39:09 IST" name="testSignInandSignOut" finished-at="2023-11-21T22:39:11 IST" duration-ms="2184" status="PASS">
          <reporter-output>
          </reporter-output>
        </test-method> <!-- testSignInandSignOut -->
        <test-method is-config="true" signature="teardown()[pri:0, instance:testcases.RegressionTestcase@3745e5c6]" started-at="2023-11-21T22:39:11 IST" name="teardown" finished-at="2023-11-21T22:39:11 IST" duration-ms="335" status="PASS">
          <reporter-output>
          </reporter-output>
        </test-method> <!-- teardown -->
      </class> <!-- testcases.RegressionTestcase -->
    </test> <!-- AutomationFramework -->
  </suite> <!-- Default Suite -->
</testng-results>
