<?xml version="1.0" encoding="UTF-8"?>
<testng-results ignored="0" total="4" passed="4" failed="0" skipped="0">
  <reporter-output>
  </reporter-output>
  <suite started-at="2023-08-17T11:11:24 IST" name="Default suite" finished-at="2023-08-17T11:11:34 IST" duration-ms="9668">
    <groups>
    </groups>
    <test started-at="2023-08-17T11:11:24 IST" name="Default test" finished-at="2023-08-17T11:11:34 IST" duration-ms="9668">
      <class name="com.example.APItestcases.UserTests">
        <test-method is-config="true" signature="setup()[pri:0, instance:com.example.APItestcases.UserTests@6a192cfe]" started-at="2023-08-17T11:11:24 IST" name="setup" finished-at="2023-08-17T11:11:24 IST" duration-ms="247" status="PASS">
          <reporter-output>
          </reporter-output>
        </test-method> <!-- setup -->
        <test-method signature="testPostUser()[pri:1, instance:com.example.APItestcases.UserTests@6a192cfe]" started-at="2023-08-17T11:11:24 IST" name="testPostUser" finished-at="2023-08-17T11:11:27 IST" duration-ms="2792" status="PASS">
          <reporter-output>
          </reporter-output>
        </test-method> <!-- testPostUser -->
        <test-method signature="testGetUserByName()[pri:2, instance:com.example.APItestcases.UserTests@6a192cfe]" started-at="2023-08-17T11:11:27 IST" name="testGetUserByName" finished-at="2023-08-17T11:11:30 IST" duration-ms="2360" status="PASS">
          <reporter-output>
          </reporter-output>
        </test-method> <!-- testGetUserByName -->
        <test-method signature="testUpdateuserByName()[pri:3, instance:com.example.APItestcases.UserTests@6a192cfe]" started-at="2023-08-17T11:11:30 IST" name="testUpdateuserByName" finished-at="2023-08-17T11:11:32 IST" duration-ms="2786" status="PASS">
          <reporter-output>
          </reporter-output>
        </test-method> <!-- testUpdateuserByName -->
        <test-method signature="testDeleteUserByName()[pri:4, instance:com.example.APItestcases.UserTests@6a192cfe]" started-at="2023-08-17T11:11:32 IST" name="testDeleteUserByName" finished-at="2023-08-17T11:11:34 IST" duration-ms="1444" status="PASS">
          <reporter-output>
          </reporter-output>
        </test-method> <!-- testDeleteUserByName -->
      </class> <!-- com.example.APItestcases.UserTests -->
    </test> <!-- Default test -->
  </suite> <!-- Default suite -->
</testng-results>
