<?xml version="1.0" encoding="UTF-8"?>
<!-- Generated by org.testng.reporters.JUnitXMLReporter -->
<testsuite ignored="0" hostname="CHN-REG-338651" failures="0" tests="4" name="Default test" time="9.668" errors="0" timestamp="2023-08-17T11:11:34 IST">
  <testcase classname="com.example.APItestcases.UserTests" name="testPostUser" time="2.792"/>
  <testcase classname="com.example.APItestcases.UserTests" name="testGetUserByName" time="2.36"/>
  <testcase classname="com.example.APItestcases.UserTests" name="testUpdateuserByName" time="2.786"/>
  <testcase classname="com.example.APItestcases.UserTests" name="testDeleteUserByName" time="1.444"/>
</testsuite> <!-- Default test -->
